============================= test session starts ==============================
platform linux -- Python 3.12.3, pytest-8.0.0, pluggy-1.6.0 -- /home/lior/Develeap/Gan Shmuel/Project/gan-shmuel/weight/venv/bin/python3
cachedir: .pytest_cache
rootdir: /home/lior/Develeap/Gan Shmuel/Project/gan-shmuel/weight/tests
collecting ... collected 65 items

integration/test_get_item.py::test_get_item_container_kg PASSED          [  1%]
integration/test_get_item.py::test_get_item_container_lbs PASSED         [  3%]
integration/test_get_item.py::test_get_item_truck_default_dates PASSED   [  4%]
integration/test_get_item.py::test_get_item_truck_custom_dates PASSED    [  6%]
integration/test_get_item.py::test_get_item_not_found PASSED             [  7%]
integration/test_get_item.py::test_get_item_container_default_dates_excludes_old PASSED [  9%]
integration/test_get_item.py::test_get_item_container_custom_dates_includes_old PASSED [ 10%]
integration/test_get_item.py::test_get_item_container_custom_dates_strict_range PASSED [ 12%]
integration/test_get_item.py::test_get_item_invalid_date_format PASSED   [ 13%]
integration/test_get_item.py::test_get_item_unused_container PASSED      [ 15%]
integration/test_get_item.py::test_get_item_standalone_container PASSED  [ 16%]
integration/test_get_item.py::test_get_item_truck_open_session PASSED    [ 18%]
integration/test_get_item.py::test_get_item_truck_very_old_session PASSED [ 20%]
integration/test_get_session.py::test_get_session_not_found PASSED       [ 21%]
integration/test_get_session.py::test_get_session_invalid_id PASSED      [ 23%]
integration/test_get_session.py::test_get_open_session PASSED            [ 24%]
integration/test_get_session.py::test_get_closed_session PASSED          [ 26%]
integration/test_get_weight.py::test_get_weight_returns_list PASSED      [ 27%]
integration/test_get_weight.py::test_get_weight_includes_today PASSED    [ 29%]
integration/test_get_weight.py::test_filter_out_only PASSED              [ 30%]
integration/test_get_weight.py::test_filter_multiple PASSED              [ 32%]
integration/test_get_weight.py::test_response_has_required_fields PASSED [ 33%]
integration/test_get_weight.py::test_containers_is_array PASSED          [ 35%]
integration/test_get_weight.py::test_neto_na_for_in_direction PASSED     [ 36%]
integration/test_get_weight.py::test_neto_calculated_for_out PASSED      [ 38%]
integration/test_get_weight.py::test_bad_from_format PASSED              [ 40%]
integration/test_get_weight.py::test_bad_to_format PASSED                [ 41%]
integration/test_post_weight.py::test_missing_direction PASSED           [ 43%]
integration/test_post_weight.py::test_missing_weight PASSED              [ 44%]
integration/test_post_weight.py::test_invalid_direction PASSED           [ 46%]
integration/test_post_weight.py::test_in_creates_session PASSED          [ 47%]
integration/test_post_weight.py::test_in_lbs_conversion PASSED           [ 49%]
integration/test_post_weight.py::test_in_default_values PASSED           [ 50%]
integration/test_post_weight.py::test_in_after_in_no_force_error PASSED  [ 52%]
integration/test_post_weight.py::test_in_after_in_with_force_overwrites PASSED [ 53%]
integration/test_post_weight.py::test_none_standalone_container PASSED   [ 55%]
integration/test_post_weight.py::test_none_after_in_error PASSED         [ 56%]
integration/test_post_weight.py::test_out_without_in_error PASSED        [ 58%]
integration/test_post_weight.py::test_out_closes_session PASSED          [ 60%]
integration/test_post_weight.py::test_out_neto_na_unknown_container PASSED [ 61%]
integration/test_post_weight.py::test_out_after_out_no_force_error PASSED [ 63%]
integration/test_post_weight.py::test_out_after_out_with_force_overwrites PASSED [ 64%]
integration/test_post_weight.py::test_in_via_form_data PASSED            [ 66%]
integration/test_post_weight.py::test_in_out_flow_via_form_data PASSED   [ 67%]
test_health.py::test_health_ok PASSED                                    [ 69%]
unit/test_get_weight.py::test_parse_valid_datetime PASSED                [ 70%]
unit/test_get_weight.py::test_parse_midnight PASSED                      [ 72%]
unit/test_get_weight.py::test_parse_invalid_format PASSED                [ 73%]
unit/test_get_weight.py::test_parse_too_short PASSED                     [ 75%]
unit/test_get_weight.py::test_parse_too_long PASSED                      [ 76%]
unit/test_get_weight.py::test_parse_letters PASSED                       [ 78%]
unit/test_get_weight.py::test_parse_none PASSED                          [ 80%]
unit/test_post_weight.py::test_lbs_to_kg_basic PASSED                    [ 81%]
unit/test_post_weight.py::test_lbs_to_kg_zero PASSED                     [ 83%]
unit/test_post_weight.py::test_lbs_to_kg_large PASSED                    [ 84%]
unit/test_post_weight.py::test_parse_containers_multiple PASSED          [ 86%]
unit/test_post_weight.py::test_parse_containers_single PASSED            [ 87%]
unit/test_post_weight.py::test_parse_containers_empty PASSED             [ 89%]
unit/test_post_weight.py::test_parse_containers_None PASSED              [ 90%]
unit/test_post_weight.py::test_parse_force_string_true PASSED            [ 92%]
unit/test_post_weight.py::test_parse_force_string_True PASSED            [ 93%]
unit/test_post_weight.py::test_parse_force_boolean_true PASSED           [ 95%]
unit/test_post_weight.py::test_parse_force_string_false PASSED           [ 96%]
unit/test_post_weight.py::test_parse_force_boolean_false PASSED          [ 98%]
unit/test_post_weight.py::test_parse_force_garbage PASSED                [100%]

============================== 65 passed in 1.08s ==============================
