============================= test session starts ==============================
platform linux -- Python 3.12.3, pytest-8.0.0, pluggy-1.6.0 -- /home/lior/Develeap/Gan Shmuel/Project/gan-shmuel/weight/venv/bin/python3
cachedir: .pytest_cache
rootdir: /home/lior/Develeap/Gan Shmuel/Project/gan-shmuel/weight
collecting ... collected 14 items

tests/unit/test_get_item.py::test_health_endpoint PASSED                 [  7%]
tests/unit/test_get_item.py::test_get_item_container_kg PASSED           [ 14%]
tests/unit/test_get_item.py::test_get_item_container_lbs PASSED          [ 21%]
tests/unit/test_get_item.py::test_get_item_truck_default_dates PASSED    [ 28%]
tests/unit/test_get_item.py::test_get_item_truck_custom_dates PASSED     [ 35%]
tests/unit/test_get_item.py::test_get_item_not_found PASSED              [ 42%]
tests/unit/test_get_item.py::test_get_item_container_default_dates_excludes_old PASSED [ 50%]
tests/unit/test_get_item.py::test_get_item_container_custom_dates_includes_old PASSED [ 57%]
tests/unit/test_get_item.py::test_get_item_container_custom_dates_strict_range PASSED [ 64%]
tests/unit/test_get_item.py::test_get_item_invalid_date_format PASSED    [ 71%]
tests/unit/test_get_item.py::test_get_item_unused_container PASSED       [ 78%]
tests/unit/test_get_item.py::test_get_item_standalone_container PASSED   [ 85%]
tests/unit/test_get_item.py::test_get_item_truck_open_session PASSED     [ 92%]
tests/unit/test_get_item.py::test_get_item_truck_very_old_session PASSED [100%]

============================== 14 passed in 0.29s ==============================
